This file contains any messages produced by compilers while
running configure, to aid debugging if configure makes a mistake.

It was created by ezstream configure 1.1.0, which was
generated by GNU Autoconf 2.71.  Invocation command line was

  $ ./configure

## --------- ##
## Platform. ##
## --------- ##

hostname = pi
uname -m = aarch64
uname -r = 6.6.47+rpt-rpi-2712
uname -s = Linux
uname -v = #1 SMP PREEMPT Debian 1:6.6.47-1+rpt1 (2024-09-02)

/usr/bin/uname -p = unknown
/bin/uname -X     = unknown

/bin/arch              = aarch64
/usr/bin/arch -k       = unknown
/usr/convex/getsysinfo = unknown
/usr/bin/hostinfo      = unknown
/bin/machine           = unknown
/usr/bin/oslevel       = unknown
/bin/universe          = unknown

PATH: /usr/local/sbin/
PATH: /usr/local/bin/
PATH: /usr/sbin/
PATH: /usr/bin/
PATH: /sbin/
PATH: /bin/
PATH: /usr/local/games/
PATH: /usr/games/


## ----------- ##
## Core tests. ##
## ----------- ##

configure:2511: looking for aux files: ltmain.sh config.guess config.sub compile missing install-sh
configure:2524:  trying ./build-aux/
configure:2553:   ./build-aux/ltmain.sh found
configure:2553:   ./build-aux/config.guess found
configure:2553:   ./build-aux/config.sub found
configure:2553:   ./build-aux/compile found
configure:2553:   ./build-aux/missing found
configure:2535:   ./build-aux/install-sh found
configure:2685: checking for a BSD-compatible install
configure:2758: result: /usr/bin/install -c
configure:2769: checking whether build environment is sane
configure:2824: result: yes
configure:2983: checking for a race-free mkdir -p
configure:3027: result: /usr/bin/mkdir -p
configure:3034: checking for gawk
configure:3055: found /usr/bin/gawk
configure:3066: result: gawk
configure:3077: checking whether make sets $(MAKE)
configure:3100: result: yes
configure:3130: checking whether make supports nested variables
configure:3148: result: yes
configure:3288: checking whether to enable maintainer-specific portions of Makefiles
configure:3298: result: no
configure:3324: checking whether make supports the include directive
configure:3339: make -f confmf.GNU && cat confinc.out
this is the am__doit target
configure:3342: $? = 0
configure:3361: result: yes (GNU style)
configure:3437: checking for gcc
configure:3458: found /usr/bin/gcc
configure:3469: result: gcc
configure:3822: checking for C compiler version
configure:3831: gcc --version >&5
gcc (Debian 12.2.0-14) 12.2.0
Copyright (C) 2022 Free Software Foundation, Inc.
This is free software; see the source for copying conditions.  There is NO
warranty; not even for MERCHANTABILITY or FITNESS FOR A PARTICULAR PURPOSE.

configure:3842: $? = 0
configure:3831: gcc -v >&5
Using built-in specs.
COLLECT_GCC=gcc
COLLECT_LTO_WRAPPER=/usr/lib/gcc/aarch64-linux-gnu/12/lto-wrapper
Target: aarch64-linux-gnu
Configured with: ../src/configure -v --with-pkgversion='Debian 12.2.0-14' --with-bugurl=file:///usr/share/doc/gcc-12/README.Bugs --enable-languages=c,ada,c++,go,d,fortran,objc,obj-c++,m2 --prefix=/usr --with-gcc-major-version-only --program-suffix=-12 --program-prefix=aarch64-linux-gnu- --enable-shared --enable-linker-build-id --libexecdir=/usr/lib --without-included-gettext --enable-threads=posix --libdir=/usr/lib --enable-nls --enable-clocale=gnu --enable-libstdcxx-debug --enable-libstdcxx-time=yes --with-default-libstdcxx-abi=new --enable-gnu-unique-object --disable-libquadmath --disable-libquadmath-support --enable-plugin --enable-default-pie --with-system-zlib --enable-libphobos-checking=release --with-target-system-zlib=auto --enable-objc-gc=auto --enable-multiarch --enable-fix-cortex-a53-843419 --disable-werror --enable-checking=release --build=aarch64-linux-gnu --host=aarch64-linux-gnu --target=aarch64-linux-gnu
Thread model: posix
Supported LTO compression algorithms: zlib zstd
gcc version 12.2.0 (Debian 12.2.0-14) 
configure:3842: $? = 0
configure:3831: gcc -V >&5
gcc: error: unrecognized command-line option '-V'
gcc: fatal error: no input files
compilation terminated.
configure:3842: $? = 1
configure:3831: gcc -qversion >&5
gcc: error: unrecognized command-line option '-qversion'; did you mean '--version'?
gcc: fatal error: no input files
compilation terminated.
configure:3842: $? = 1
configure:3831: gcc -version >&5
gcc: error: unrecognized command-line option '-version'
gcc: fatal error: no input files
compilation terminated.
configure:3842: $? = 1
configure:3862: checking whether the C compiler works
configure:3884: gcc    conftest.c  >&5
configure:3888: $? = 0
configure:3938: result: yes
configure:3941: checking for C compiler default output file name
configure:3943: result: a.out
configure:3949: checking for suffix of executables
configure:3956: gcc -o conftest    conftest.c  >&5
configure:3960: $? = 0
configure:3983: result: 
configure:4005: checking whether we are cross compiling
configure:4013: gcc -o conftest    conftest.c  >&5
configure:4017: $? = 0
configure:4024: ./conftest
configure:4028: $? = 0
configure:4043: result: no
configure:4048: checking for suffix of object files
configure:4071: gcc -c   conftest.c >&5
configure:4075: $? = 0
configure:4097: result: o
configure:4101: checking whether the compiler supports GNU C
configure:4121: gcc -c   conftest.c >&5
configure:4121: $? = 0
configure:4131: result: yes
configure:4142: checking whether gcc accepts -g
configure:4163: gcc -c -g  conftest.c >&5
configure:4163: $? = 0
configure:4207: result: yes
configure:4227: checking for gcc option to enable C11 features
configure:4242: gcc  -c -g -O2  conftest.c >&5
configure:4242: $? = 0
configure:4260: result: none needed
configure:4376: checking whether gcc understands -c and -o together
configure:4399: gcc -c conftest.c -o conftest2.o
configure:4402: $? = 0
configure:4399: gcc -c conftest.c -o conftest2.o
configure:4402: $? = 0
configure:4414: result: yes
configure:4433: checking dependency style of gcc
configure:4545: result: gcc3
configure:4565: checking for stdio.h
configure:4565: gcc -c -g -O2  conftest.c >&5
configure:4565: $? = 0
configure:4565: result: yes
configure:4565: checking for stdlib.h
configure:4565: gcc -c -g -O2  conftest.c >&5
configure:4565: $? = 0
configure:4565: result: yes
configure:4565: checking for string.h
configure:4565: gcc -c -g -O2  conftest.c >&5
configure:4565: $? = 0
configure:4565: result: yes
configure:4565: checking for inttypes.h
configure:4565: gcc -c -g -O2  conftest.c >&5
configure:4565: $? = 0
configure:4565: result: yes
configure:4565: checking for stdint.h
configure:4565: gcc -c -g -O2  conftest.c >&5
configure:4565: $? = 0
configure:4565: result: yes
configure:4565: checking for strings.h
configure:4565: gcc -c -g -O2  conftest.c >&5
configure:4565: $? = 0
configure:4565: result: yes
configure:4565: checking for sys/stat.h
configure:4565: gcc -c -g -O2  conftest.c >&5
configure:4565: $? = 0
configure:4565: result: yes
configure:4565: checking for sys/types.h
configure:4565: gcc -c -g -O2  conftest.c >&5
configure:4565: $? = 0
configure:4565: result: yes
configure:4565: checking for unistd.h
configure:4565: gcc -c -g -O2  conftest.c >&5
configure:4565: $? = 0
configure:4565: result: yes
configure:4565: checking for wchar.h
configure:4565: gcc -c -g -O2  conftest.c >&5
configure:4565: $? = 0
configure:4565: result: yes
configure:4565: checking for minix/config.h
configure:4565: gcc -c -g -O2  conftest.c >&5
conftest.c:49:10: fatal error: minix/config.h: No such file or directory
   49 | #include <minix/config.h>
      |          ^~~~~~~~~~~~~~~~
compilation terminated.
configure:4565: $? = 1
configure: failed program was:
| /* confdefs.h */
| #define PACKAGE_NAME "ezstream"
| #define PACKAGE_TARNAME "ezstream"
| #define PACKAGE_VERSION "1.1.0"
| #define PACKAGE_STRING "ezstream 1.1.0"
| #define PACKAGE_BUGREPORT "https://gitlab.xiph.org/xiph/ezstream/issues"
| #define PACKAGE_URL ""
| #define PACKAGE "ezstream"
| #define VERSION "1.1.0"
| #define HAVE_STDIO_H 1
| #define HAVE_STDLIB_H 1
| #define HAVE_STRING_H 1
| #define HAVE_INTTYPES_H 1
| #define HAVE_STDINT_H 1
| #define HAVE_STRINGS_H 1
| #define HAVE_SYS_STAT_H 1
| #define HAVE_SYS_TYPES_H 1
| #define HAVE_UNISTD_H 1
| #define HAVE_WCHAR_H 1
| /* end confdefs.h.  */
| #include <stddef.h>
| #ifdef HAVE_STDIO_H
| # include <stdio.h>
| #endif
| #ifdef HAVE_STDLIB_H
| # include <stdlib.h>
| #endif
| #ifdef HAVE_STRING_H
| # include <string.h>
| #endif
| #ifdef HAVE_INTTYPES_H
| # include <inttypes.h>
| #endif
| #ifdef HAVE_STDINT_H
| # include <stdint.h>
| #endif
| #ifdef HAVE_STRINGS_H
| # include <strings.h>
| #endif
| #ifdef HAVE_SYS_TYPES_H
| # include <sys/types.h>
| #endif
| #ifdef HAVE_SYS_STAT_H
| # include <sys/stat.h>
| #endif
| #ifdef HAVE_UNISTD_H
| # include <unistd.h>
| #endif
| #include <minix/config.h>
configure:4565: result: no
configure:4596: checking whether it is safe to define __EXTENSIONS__
configure:4615: gcc -c -g -O2  conftest.c >&5
configure:4615: $? = 0
configure:4623: result: yes
configure:4626: checking whether _XOPEN_SOURCE should be defined
configure:4648: gcc -c -g -O2  conftest.c >&5
configure:4648: $? = 0
configure:4675: result: no
configure:4732: checking for grep that handles long lines and -e
configure:4796: result: /usr/bin/grep
configure:4801: checking for fgrep
configure:4869: result: /usr/bin/grep -F
configure:4880: checking build system type
configure:4895: result: aarch64-unknown-linux-gnu
configure:4915: checking host system type
configure:4929: result: aarch64-unknown-linux-gnu
configure:5021: checking how to print strings
configure:5048: result: printf
configure:5069: checking for a sed that does not truncate output
configure:5139: result: /usr/bin/sed
configure:5157: checking for egrep
configure:5225: result: /usr/bin/grep -E
configure:5261: checking for ld used by gcc
configure:5329: result: /usr/bin/ld
configure:5336: checking if the linker (/usr/bin/ld) is GNU ld
configure:5352: result: yes
configure:5364: checking for BSD- or MS-compatible name lister (nm)
configure:5419: result: /usr/bin/nm -B
configure:5559: checking the name lister (/usr/bin/nm -B) interface
configure:5567: gcc -c -g -O2  conftest.c >&5
configure:5570: /usr/bin/nm -B "conftest.o"
configure:5573: output
0000000000000000 B some_variable
configure:5580: result: BSD nm
configure:5583: checking whether ln -s works
configure:5587: result: yes
configure:5595: checking the maximum length of command line arguments
configure:5727: result: 1572864
configure:5775: checking how to convert aarch64-unknown-linux-gnu file names to aarch64-unknown-linux-gnu format
configure:5816: result: func_convert_file_noop
configure:5823: checking how to convert aarch64-unknown-linux-gnu file names to toolchain format
configure:5844: result: func_convert_file_noop
configure:5851: checking for /usr/bin/ld option to reload object files
configure:5859: result: -r
configure:5938: checking for file
configure:5959: found /usr/bin/file
configure:5970: result: file
configure:6046: checking for objdump
configure:6067: found /usr/bin/objdump
configure:6078: result: objdump
configure:6110: checking how to recognize dependent libraries
configure:6311: result: pass_all
configure:6401: checking for dlltool
configure:6436: result: no
configure:6466: checking how to associate runtime and link libraries
configure:6494: result: printf %s\n
configure:6559: checking for ar
configure:6580: found /usr/bin/ar
configure:6591: result: ar
configure:6644: checking for archiver @FILE support
configure:6662: gcc -c -g -O2  conftest.c >&5
configure:6662: $? = 0
configure:6666: ar cr libconftest.a @conftest.lst >&5
configure:6669: $? = 0
configure:6674: ar cr libconftest.a @conftest.lst >&5
ar: conftest.o: No such file or directory
configure:6677: $? = 1
configure:6689: result: @
configure:6752: checking for strip
configure:6773: found /usr/bin/strip
configure:6784: result: strip
configure:6861: checking for ranlib
configure:6882: found /usr/bin/ranlib
configure:6893: result: ranlib
configure:6995: checking command to parse /usr/bin/nm -B output from gcc object
configure:7149: gcc -c -g -O2  conftest.c >&5
configure:7152: $? = 0
configure:7156: /usr/bin/nm -B conftest.o | /usr/bin/sed -n -e 's/^.*[	 ]\([ABCDGIRSTW][ABCDGIRSTW]*\)[	 ][	 ]*\([_A-Za-z][_A-Za-z0-9]*\)$/\1 \2 \2/p' | /usr/bin/sed '/ __gnu_lto/d' > conftest.nm
configure:7222: gcc -o conftest -g -O2   conftest.c conftstm.o >&5
configure:7225: $? = 0
configure:7263: result: ok
configure:7310: checking for sysroot
configure:7341: result: no
configure:7348: checking for a working dd
configure:7392: result: /usr/bin/dd
configure:7396: checking how to truncate binary pipes
configure:7412: result: /usr/bin/dd bs=4096 count=1
configure:7749: checking for mt
configure:7770: found /usr/bin/mt
configure:7781: result: mt
configure:7804: checking if mt is a manifest tool
configure:7811: mt '-?'
configure:7819: result: no
configure:8540: checking for dlfcn.h
configure:8540: gcc -c -g -O2  conftest.c >&5
configure:8540: $? = 0
configure:8540: result: yes
configure:8799: checking for objdir
configure:8815: result: .libs
configure:9075: checking if gcc supports -fno-rtti -fno-exceptions
configure:9094: gcc -c -g -O2  -fno-rtti -fno-exceptions conftest.c >&5
cc1: warning: command-line option '-fno-rtti' is valid for C++/D/ObjC++ but not for C
configure:9098: $? = 0
configure:9111: result: no
configure:9475: checking for gcc option to produce PIC
configure:9483: result: -fPIC -DPIC
configure:9491: checking if gcc PIC flag -fPIC -DPIC works
configure:9510: gcc -c -g -O2  -fPIC -DPIC -DPIC conftest.c >&5
configure:9514: $? = 0
configure:9527: result: yes
configure:9556: checking if gcc static flag -static works
configure:9585: result: yes
configure:9600: checking if gcc supports -c -o file.o
configure:9622: gcc -c -g -O2  -o out/conftest2.o conftest.c >&5
configure:9626: $? = 0
configure:9648: result: yes
configure:9656: checking if gcc supports -c -o file.o
configure:9704: result: yes
configure:9737: checking whether the gcc linker (/usr/bin/ld) supports shared libraries
configure:11011: result: yes
configure:11048: checking whether -lc should be explicitly linked in
configure:11057: gcc -c -g -O2  conftest.c >&5
configure:11060: $? = 0
configure:11075: gcc -shared  -fPIC -DPIC conftest.o  -v -Wl,-soname -Wl,conftest -o conftest 2\>\&1 \| /usr/bin/grep  -lc  \>/dev/null 2\>\&1
configure:11078: $? = 0
configure:11092: result: no
configure:11252: checking dynamic linker characteristics
configure:11834: gcc -o conftest -g -O2   -Wl,-rpath -Wl,/foo conftest.c  >&5
configure:11834: $? = 0
configure:12085: result: GNU/Linux ld.so
configure:12207: checking how to hardcode library paths into programs
configure:12232: result: immediate
configure:12784: checking whether stripping libraries is possible
configure:12793: result: yes
configure:12835: checking if libtool supports shared libraries
configure:12837: result: yes
configure:12840: checking whether to build shared libraries
configure:12865: result: yes
configure:12868: checking whether to build static libraries
configure:12872: result: yes
configure:12924: checking for special C compiler options needed for large files
configure:12972: result: no
configure:12978: checking for _FILE_OFFSET_BITS value needed for large files
configure:13004: gcc -c -g -O2  conftest.c >&5
configure:13004: $? = 0
configure:13038: result: no
configure:13180: checking for pkg-config
configure:13203: found /usr/bin/pkg-config
configure:13215: result: /usr/bin/pkg-config
configure:13240: checking pkg-config is at least version 0.9.0
configure:13243: result: yes
configure:13253: checking for check >= 0.9.4
configure:13260: $PKG_CONFIG --exists --print-errors "check >= 0.9.4"
configure:13263: $? = 0
configure:13277: $PKG_CONFIG --exists --print-errors "check >= 0.9.4"
configure:13280: $? = 0
configure:13338: result: yes
configure:13350: checking if gcc understands -Wall
configure:13377: gcc -o conftest -g -O2 -Wall   conftest.c  >&5
configure:13377: $? = 0
configure:13397: result: yes
configure:13350: checking if gcc understands -W
configure:13377: gcc -o conftest -g -O2 -W   conftest.c  >&5
configure:13377: $? = 0
configure:13397: result: yes
configure:13350: checking if gcc understands -Wshadow
configure:13377: gcc -o conftest -g -O2 -Wshadow   conftest.c  >&5
configure:13377: $? = 0
configure:13397: result: yes
configure:13350: checking if gcc understands -Wconversion
configure:13377: gcc -o conftest -g -O2 -Wconversion   conftest.c  >&5
configure:13377: $? = 0
configure:13397: result: yes
configure:13350: checking if gcc understands -Wmissing-declarations
configure:13377: gcc -o conftest -g -O2 -Wmissing-declarations   conftest.c  >&5
configure:13377: $? = 0
configure:13397: result: yes
configure:13350: checking if gcc understands -Wmissing-prototypes
configure:13377: gcc -o conftest -g -O2 -Wmissing-prototypes   conftest.c  >&5
configure:13377: $? = 0
configure:13397: result: yes
configure:13350: checking if gcc understands -Wstrict-prototypes
configure:13377: gcc -o conftest -g -O2 -Wstrict-prototypes   conftest.c  >&5
configure:13377: $? = 0
configure:13397: result: yes
configure:13422: checking if gcc understands -Wformat=2
configure:13449: gcc -o conftest -g -O2 -Wformat=2   conftest.c  >&5
configure:13449: $? = 0
configure:13469: result: yes
configure:13585: checking if gcc supports an error flag
configure:13607: gcc -o conftest -g -O2 -Werror   conftest.c  >&5
configure:13607: $? = 0
configure:13647: result: yes (-Werror)
configure:13668: checking if __attribute__((unused)) is supported
configure:13702: gcc -c -g -O2 -Werror  conftest.c >&5
configure:13702: $? = 0
configure:13720: result: yes
configure:13748: checking if __attribute__((__format__(printf, 1, 2))) is supported
configure:13784: gcc -c -g -O2 -Werror  conftest.c >&5
configure:13784: $? = 0
configure:13803: result: yes
configure:13821: checking if __attribute__((__nonnull__(1))) is supported
configure:13857: gcc -c -g -O2 -Werror  conftest.c >&5
configure:13857: $? = 0
configure:13876: result: yes
configure:13892: checking for an ANSI C-conforming const
configure:13959: gcc -c -g -O2  conftest.c >&5
configure:13959: $? = 0
configure:13967: result: yes
configure:13975: checking for working volatile
configure:13995: gcc -c -g -O2  conftest.c >&5
configure:13995: $? = 0
configure:14003: result: yes
configure:14059: checking for sys/random.h
configure:14059: gcc -c -g -O2  conftest.c >&5
configure:14059: $? = 0
configure:14059: result: yes
configure:14070: checking for sys/time.h
configure:14070: gcc -c -g -O2  conftest.c >&5
configure:14070: $? = 0
configure:14070: result: yes
configure:14081: checking for libgen.h
configure:14081: gcc -c -g -O2  conftest.c >&5
configure:14081: $? = 0
configure:14081: result: yes
configure:14092: checking for paths.h
configure:14092: gcc -c -g -O2  conftest.c >&5
configure:14092: $? = 0
configure:14092: result: yes
configure:14107: checking for size_t
configure:14107: gcc -c -g -O2  conftest.c >&5
configure:14107: $? = 0
configure:14107: gcc -c -g -O2  conftest.c >&5
conftest.c: In function 'main':
conftest.c:75:21: error: expected expression before ')' token
   75 | if (sizeof ((size_t)))
      |                     ^
configure:14107: $? = 1
configure: failed program was:
| /* confdefs.h */
| #define PACKAGE_NAME "ezstream"
| #define PACKAGE_TARNAME "ezstream"
| #define PACKAGE_VERSION "1.1.0"
| #define PACKAGE_STRING "ezstream 1.1.0"
| #define PACKAGE_BUGREPORT "https://gitlab.xiph.org/xiph/ezstream/issues"
| #define PACKAGE_URL ""
| #define PACKAGE "ezstream"
| #define VERSION "1.1.0"
| #define HAVE_STDIO_H 1
| #define HAVE_STDLIB_H 1
| #define HAVE_STRING_H 1
| #define HAVE_INTTYPES_H 1
| #define HAVE_STDINT_H 1
| #define HAVE_STRINGS_H 1
| #define HAVE_SYS_STAT_H 1
| #define HAVE_SYS_TYPES_H 1
| #define HAVE_UNISTD_H 1
| #define HAVE_WCHAR_H 1
| #define STDC_HEADERS 1
| #define _ALL_SOURCE 1
| #define _DARWIN_C_SOURCE 1
| #define _GNU_SOURCE 1
| #define _HPUX_ALT_XOPEN_SOCKET_API 1
| #define _NETBSD_SOURCE 1
| #define _OPENBSD_SOURCE 1
| #define _POSIX_PTHREAD_SEMANTICS 1
| #define __STDC_WANT_IEC_60559_ATTRIBS_EXT__ 1
| #define __STDC_WANT_IEC_60559_BFP_EXT__ 1
| #define __STDC_WANT_IEC_60559_DFP_EXT__ 1
| #define __STDC_WANT_IEC_60559_FUNCS_EXT__ 1
| #define __STDC_WANT_IEC_60559_TYPES_EXT__ 1
| #define __STDC_WANT_LIB_EXT2__ 1
| #define __STDC_WANT_MATH_SPEC_FUNCS__ 1
| #define _TANDEM_SOURCE 1
| #define __EXTENSIONS__ 1
| #define HAVE_DLFCN_H 1
| #define LT_OBJDIR ".libs/"
| #define HAVE_SYS_RANDOM_H 1
| #define HAVE_SYS_TIME_H 1
| #define HAVE_LIBGEN_H 1
| #define HAVE_PATHS_H 1
| /* end confdefs.h.  */
| #include <stddef.h>
| #ifdef HAVE_STDIO_H
| # include <stdio.h>
| #endif
| #ifdef HAVE_STDLIB_H
| # include <stdlib.h>
| #endif
| #ifdef HAVE_STRING_H
| # include <string.h>
| #endif
| #ifdef HAVE_INTTYPES_H
| # include <inttypes.h>
| #endif
| #ifdef HAVE_STDINT_H
| # include <stdint.h>
| #endif
| #ifdef HAVE_STRINGS_H
| # include <strings.h>
| #endif
| #ifdef HAVE_SYS_TYPES_H
| # include <sys/types.h>
| #endif
| #ifdef HAVE_SYS_STAT_H
| # include <sys/stat.h>
| #endif
| #ifdef HAVE_UNISTD_H
| # include <unistd.h>
| #endif
| int
| main (void)
| {
| if (sizeof ((size_t)))
| 	    return 0;
|   ;
|   return 0;
| }
configure:14107: result: yes
configure:14117: checking for ssize_t
configure:14117: gcc -c -g -O2  conftest.c >&5
configure:14117: $? = 0
configure:14117: gcc -c -g -O2  conftest.c >&5
conftest.c: In function 'main':
conftest.c:75:22: error: expected expression before ')' token
   75 | if (sizeof ((ssize_t)))
      |                      ^
configure:14117: $? = 1
configure: failed program was:
| /* confdefs.h */
| #define PACKAGE_NAME "ezstream"
| #define PACKAGE_TARNAME "ezstream"
| #define PACKAGE_VERSION "1.1.0"
| #define PACKAGE_STRING "ezstream 1.1.0"
| #define PACKAGE_BUGREPORT "https://gitlab.xiph.org/xiph/ezstream/issues"
| #define PACKAGE_URL ""
| #define PACKAGE "ezstream"
| #define VERSION "1.1.0"
| #define HAVE_STDIO_H 1
| #define HAVE_STDLIB_H 1
| #define HAVE_STRING_H 1
| #define HAVE_INTTYPES_H 1
| #define HAVE_STDINT_H 1
| #define HAVE_STRINGS_H 1
| #define HAVE_SYS_STAT_H 1
| #define HAVE_SYS_TYPES_H 1
| #define HAVE_UNISTD_H 1
| #define HAVE_WCHAR_H 1
| #define STDC_HEADERS 1
| #define _ALL_SOURCE 1
| #define _DARWIN_C_SOURCE 1
| #define _GNU_SOURCE 1
| #define _HPUX_ALT_XOPEN_SOCKET_API 1
| #define _NETBSD_SOURCE 1
| #define _OPENBSD_SOURCE 1
| #define _POSIX_PTHREAD_SEMANTICS 1
| #define __STDC_WANT_IEC_60559_ATTRIBS_EXT__ 1
| #define __STDC_WANT_IEC_60559_BFP_EXT__ 1
| #define __STDC_WANT_IEC_60559_DFP_EXT__ 1
| #define __STDC_WANT_IEC_60559_FUNCS_EXT__ 1
| #define __STDC_WANT_IEC_60559_TYPES_EXT__ 1
| #define __STDC_WANT_LIB_EXT2__ 1
| #define __STDC_WANT_MATH_SPEC_FUNCS__ 1
| #define _TANDEM_SOURCE 1
| #define __EXTENSIONS__ 1
| #define HAVE_DLFCN_H 1
| #define LT_OBJDIR ".libs/"
| #define HAVE_SYS_RANDOM_H 1
| #define HAVE_SYS_TIME_H 1
| #define HAVE_LIBGEN_H 1
| #define HAVE_PATHS_H 1
| /* end confdefs.h.  */
| #include <stddef.h>
| #ifdef HAVE_STDIO_H
| # include <stdio.h>
| #endif
| #ifdef HAVE_STDLIB_H
| # include <stdlib.h>
| #endif
| #ifdef HAVE_STRING_H
| # include <string.h>
| #endif
| #ifdef HAVE_INTTYPES_H
| # include <inttypes.h>
| #endif
| #ifdef HAVE_STDINT_H
| # include <stdint.h>
| #endif
| #ifdef HAVE_STRINGS_H
| # include <strings.h>
| #endif
| #ifdef HAVE_SYS_TYPES_H
| # include <sys/types.h>
| #endif
| #ifdef HAVE_SYS_STAT_H
| # include <sys/stat.h>
| #endif
| #ifdef HAVE_UNISTD_H
| # include <unistd.h>
| #endif
| int
| main (void)
| {
| if (sizeof ((ssize_t)))
| 	    return 0;
|   ;
|   return 0;
| }
configure:14117: result: yes
configure:14130: checking for basename in -lgen
configure:14153: gcc -o conftest -g -O2   conftest.c -lgen   >&5
/usr/bin/ld: cannot find -lgen: No such file or directory
collect2: error: ld returned 1 exit status
configure:14153: $? = 1
configure: failed program was:
| /* confdefs.h */
| #define PACKAGE_NAME "ezstream"
| #define PACKAGE_TARNAME "ezstream"
| #define PACKAGE_VERSION "1.1.0"
| #define PACKAGE_STRING "ezstream 1.1.0"
| #define PACKAGE_BUGREPORT "https://gitlab.xiph.org/xiph/ezstream/issues"
| #define PACKAGE_URL ""
| #define PACKAGE "ezstream"
| #define VERSION "1.1.0"
| #define HAVE_STDIO_H 1
| #define HAVE_STDLIB_H 1
| #define HAVE_STRING_H 1
| #define HAVE_INTTYPES_H 1
| #define HAVE_STDINT_H 1
| #define HAVE_STRINGS_H 1
| #define HAVE_SYS_STAT_H 1
| #define HAVE_SYS_TYPES_H 1
| #define HAVE_UNISTD_H 1
| #define HAVE_WCHAR_H 1
| #define STDC_HEADERS 1
| #define _ALL_SOURCE 1
| #define _DARWIN_C_SOURCE 1
| #define _GNU_SOURCE 1
| #define _HPUX_ALT_XOPEN_SOCKET_API 1
| #define _NETBSD_SOURCE 1
| #define _OPENBSD_SOURCE 1
| #define _POSIX_PTHREAD_SEMANTICS 1
| #define __STDC_WANT_IEC_60559_ATTRIBS_EXT__ 1
| #define __STDC_WANT_IEC_60559_BFP_EXT__ 1
| #define __STDC_WANT_IEC_60559_DFP_EXT__ 1
| #define __STDC_WANT_IEC_60559_FUNCS_EXT__ 1
| #define __STDC_WANT_IEC_60559_TYPES_EXT__ 1
| #define __STDC_WANT_LIB_EXT2__ 1
| #define __STDC_WANT_MATH_SPEC_FUNCS__ 1
| #define _TANDEM_SOURCE 1
| #define __EXTENSIONS__ 1
| #define HAVE_DLFCN_H 1
| #define LT_OBJDIR ".libs/"
| #define HAVE_SYS_RANDOM_H 1
| #define HAVE_SYS_TIME_H 1
| #define HAVE_LIBGEN_H 1
| #define HAVE_PATHS_H 1
| /* end confdefs.h.  */
| 
| /* Override any GCC internal prototype to avoid an error.
|    Use char because int might match the return type of a GCC
|    builtin and then its argument prototype would still apply.  */
| char basename ();
| int
| main (void)
| {
| return basename ();
|   ;
|   return 0;
| }
configure:14163: result: no
configure:14257: $PKG_CONFIG --exists --print-errors "shout"
configure:14260: $? = 0
configure:14368: checking for shout/shout.h
configure:14368: gcc -c -g -O2   -I/usr/local/include  conftest.c >&5
configure:14368: $? = 0
configure:14368: result: yes
configure:14372: checking if libshout works
configure:14390: gcc -o conftest -g -O2   -I/usr/local/include    				-L/usr/local/lib  				 			 conftest.c -lshout   >&5
configure:14390: $? = 0
configure:14393: result: yes
configure:14463: checking for libshout 
configure:14466: result: yes
configure:14605: $PKG_CONFIG --exists --print-errors "libxml-2.0"
configure:14608: $? = 0
configure:14673: $PKG_CONFIG --exists --print-errors "libxml-2.0 "
configure:14676: $? = 0
configure:14700: checking for libxml/parser.h
configure:14700: gcc -c -g -O2   -I/usr/include/libxml2  conftest.c >&5
configure:14700: $? = 0
configure:14700: result: yes
configure:14704: checking if libxml2 works
configure:14722: gcc -o conftest -g -O2   -I/usr/include/libxml2    				 				 			 conftest.c -lxml2   >&5
configure:14722: $? = 0
configure:14725: result: yes
configure:14799: checking for libxml2 
configure:14802: result: yes
configure:14917: checking for arc4random
configure:14917: gcc -o conftest -g -O2   conftest.c  >&5
configure:14917: $? = 0
configure:14917: result: yes
configure:14923: checking for getrandom
configure:14923: gcc -o conftest -g -O2   conftest.c  >&5
configure:14923: $? = 0
configure:14923: result: yes
configure:14931: checking for getopt
configure:14931: gcc -o conftest -g -O2   conftest.c  >&5
configure:14931: $? = 0
configure:14931: result: yes
configure:14944: checking for reallocarray
configure:14944: gcc -o conftest -g -O2   conftest.c  >&5
configure:14944: $? = 0
configure:14944: result: yes
configure:14957: checking for strlcat
configure:14957: gcc -o conftest -g -O2   conftest.c  >&5
/usr/bin/ld: /tmp/ccOA7tSK.o: in function `main':
/home/broadcaster/Software/ezstream/conftest.c:75: undefined reference to `strlcat'
collect2: error: ld returned 1 exit status
configure:14957: $? = 1
configure: failed program was:
| /* confdefs.h */
| #define PACKAGE_NAME "ezstream"
| #define PACKAGE_TARNAME "ezstream"
| #define PACKAGE_VERSION "1.1.0"
| #define PACKAGE_STRING "ezstream 1.1.0"
| #define PACKAGE_BUGREPORT "https://gitlab.xiph.org/xiph/ezstream/issues"
| #define PACKAGE_URL ""
| #define PACKAGE "ezstream"
| #define VERSION "1.1.0"
| #define HAVE_STDIO_H 1
| #define HAVE_STDLIB_H 1
| #define HAVE_STRING_H 1
| #define HAVE_INTTYPES_H 1
| #define HAVE_STDINT_H 1
| #define HAVE_STRINGS_H 1
| #define HAVE_SYS_STAT_H 1
| #define HAVE_SYS_TYPES_H 1
| #define HAVE_UNISTD_H 1
| #define HAVE_WCHAR_H 1
| #define STDC_HEADERS 1
| #define _ALL_SOURCE 1
| #define _DARWIN_C_SOURCE 1
| #define _GNU_SOURCE 1
| #define _HPUX_ALT_XOPEN_SOCKET_API 1
| #define _NETBSD_SOURCE 1
| #define _OPENBSD_SOURCE 1
| #define _POSIX_PTHREAD_SEMANTICS 1
| #define __STDC_WANT_IEC_60559_ATTRIBS_EXT__ 1
| #define __STDC_WANT_IEC_60559_BFP_EXT__ 1
| #define __STDC_WANT_IEC_60559_DFP_EXT__ 1
| #define __STDC_WANT_IEC_60559_FUNCS_EXT__ 1
| #define __STDC_WANT_IEC_60559_TYPES_EXT__ 1
| #define __STDC_WANT_LIB_EXT2__ 1
| #define __STDC_WANT_MATH_SPEC_FUNCS__ 1
| #define _TANDEM_SOURCE 1
| #define __EXTENSIONS__ 1
| #define HAVE_DLFCN_H 1
| #define LT_OBJDIR ".libs/"
| #define HAVE_SYS_RANDOM_H 1
| #define HAVE_SYS_TIME_H 1
| #define HAVE_LIBGEN_H 1
| #define HAVE_PATHS_H 1
| #define HAVE_ARC4RANDOM 1
| #define HAVE_GETRANDOM 1
| #define HAVE_GETOPT 1
| #define HAVE_REALLOCARRAY 1
| /* end confdefs.h.  */
| /* Define strlcat to an innocuous variant, in case <limits.h> declares strlcat.
|    For example, HP-UX 11i <limits.h> declares gettimeofday.  */
| #define strlcat innocuous_strlcat
| 
| /* System header to define __stub macros and hopefully few prototypes,
|    which can conflict with char strlcat (); below.  */
| 
| #include <limits.h>
| #undef strlcat
| 
| /* Override any GCC internal prototype to avoid an error.
|    Use char because int might match the return type of a GCC
|    builtin and then its argument prototype would still apply.  */
| #ifdef __cplusplus
| extern "C"
| #endif
| char strlcat ();
| /* The GNU C library defines this for functions which it implements
|     to always fail with ENOSYS.  Some functions are actually named
|     something starting with __ and the normal name is an alias.  */
| #if defined __stub_strlcat || defined __stub___strlcat
| choke me
| #endif
| 
| int
| main (void)
| {
| return strlcat ();
|   ;
|   return 0;
| }
configure:14957: result: no
configure:14970: checking for strlcpy
configure:14970: gcc -o conftest -g -O2   conftest.c  >&5
/usr/bin/ld: /tmp/ccnBPKAC.o: in function `main':
/home/broadcaster/Software/ezstream/conftest.c:75: undefined reference to `strlcpy'
collect2: error: ld returned 1 exit status
configure:14970: $? = 1
configure: failed program was:
| /* confdefs.h */
| #define PACKAGE_NAME "ezstream"
| #define PACKAGE_TARNAME "ezstream"
| #define PACKAGE_VERSION "1.1.0"
| #define PACKAGE_STRING "ezstream 1.1.0"
| #define PACKAGE_BUGREPORT "https://gitlab.xiph.org/xiph/ezstream/issues"
| #define PACKAGE_URL ""
| #define PACKAGE "ezstream"
| #define VERSION "1.1.0"
| #define HAVE_STDIO_H 1
| #define HAVE_STDLIB_H 1
| #define HAVE_STRING_H 1
| #define HAVE_INTTYPES_H 1
| #define HAVE_STDINT_H 1
| #define HAVE_STRINGS_H 1
| #define HAVE_SYS_STAT_H 1
| #define HAVE_SYS_TYPES_H 1
| #define HAVE_UNISTD_H 1
| #define HAVE_WCHAR_H 1
| #define STDC_HEADERS 1
| #define _ALL_SOURCE 1
| #define _DARWIN_C_SOURCE 1
| #define _GNU_SOURCE 1
| #define _HPUX_ALT_XOPEN_SOCKET_API 1
| #define _NETBSD_SOURCE 1
| #define _OPENBSD_SOURCE 1
| #define _POSIX_PTHREAD_SEMANTICS 1
| #define __STDC_WANT_IEC_60559_ATTRIBS_EXT__ 1
| #define __STDC_WANT_IEC_60559_BFP_EXT__ 1
| #define __STDC_WANT_IEC_60559_DFP_EXT__ 1
| #define __STDC_WANT_IEC_60559_FUNCS_EXT__ 1
| #define __STDC_WANT_IEC_60559_TYPES_EXT__ 1
| #define __STDC_WANT_LIB_EXT2__ 1
| #define __STDC_WANT_MATH_SPEC_FUNCS__ 1
| #define _TANDEM_SOURCE 1
| #define __EXTENSIONS__ 1
| #define HAVE_DLFCN_H 1
| #define LT_OBJDIR ".libs/"
| #define HAVE_SYS_RANDOM_H 1
| #define HAVE_SYS_TIME_H 1
| #define HAVE_LIBGEN_H 1
| #define HAVE_PATHS_H 1
| #define HAVE_ARC4RANDOM 1
| #define HAVE_GETRANDOM 1
| #define HAVE_GETOPT 1
| #define HAVE_REALLOCARRAY 1
| /* end confdefs.h.  */
| /* Define strlcpy to an innocuous variant, in case <limits.h> declares strlcpy.
|    For example, HP-UX 11i <limits.h> declares gettimeofday.  */
| #define strlcpy innocuous_strlcpy
| 
| /* System header to define __stub macros and hopefully few prototypes,
|    which can conflict with char strlcpy (); below.  */
| 
| #include <limits.h>
| #undef strlcpy
| 
| /* Override any GCC internal prototype to avoid an error.
|    Use char because int might match the return type of a GCC
|    builtin and then its argument prototype would still apply.  */
| #ifdef __cplusplus
| extern "C"
| #endif
| char strlcpy ();
| /* The GNU C library defines this for functions which it implements
|     to always fail with ENOSYS.  Some functions are actually named
|     something starting with __ and the normal name is an alias.  */
| #if defined __stub_strlcpy || defined __stub___strlcpy
| choke me
| #endif
| 
| int
| main (void)
| {
| return strlcpy ();
|   ;
|   return 0;
| }
configure:14970: result: no
configure:14983: checking for strtonum
configure:14983: gcc -o conftest -g -O2   conftest.c  >&5
/usr/bin/ld: /tmp/cch7RQDP.o: in function `main':
/home/broadcaster/Software/ezstream/conftest.c:75: undefined reference to `strtonum'
collect2: error: ld returned 1 exit status
configure:14983: $? = 1
configure: failed program was:
| /* confdefs.h */
| #define PACKAGE_NAME "ezstream"
| #define PACKAGE_TARNAME "ezstream"
| #define PACKAGE_VERSION "1.1.0"
| #define PACKAGE_STRING "ezstream 1.1.0"
| #define PACKAGE_BUGREPORT "https://gitlab.xiph.org/xiph/ezstream/issues"
| #define PACKAGE_URL ""
| #define PACKAGE "ezstream"
| #define VERSION "1.1.0"
| #define HAVE_STDIO_H 1
| #define HAVE_STDLIB_H 1
| #define HAVE_STRING_H 1
| #define HAVE_INTTYPES_H 1
| #define HAVE_STDINT_H 1
| #define HAVE_STRINGS_H 1
| #define HAVE_SYS_STAT_H 1
| #define HAVE_SYS_TYPES_H 1
| #define HAVE_UNISTD_H 1
| #define HAVE_WCHAR_H 1
| #define STDC_HEADERS 1
| #define _ALL_SOURCE 1
| #define _DARWIN_C_SOURCE 1
| #define _GNU_SOURCE 1
| #define _HPUX_ALT_XOPEN_SOCKET_API 1
| #define _NETBSD_SOURCE 1
| #define _OPENBSD_SOURCE 1
| #define _POSIX_PTHREAD_SEMANTICS 1
| #define __STDC_WANT_IEC_60559_ATTRIBS_EXT__ 1
| #define __STDC_WANT_IEC_60559_BFP_EXT__ 1
| #define __STDC_WANT_IEC_60559_DFP_EXT__ 1
| #define __STDC_WANT_IEC_60559_FUNCS_EXT__ 1
| #define __STDC_WANT_IEC_60559_TYPES_EXT__ 1
| #define __STDC_WANT_LIB_EXT2__ 1
| #define __STDC_WANT_MATH_SPEC_FUNCS__ 1
| #define _TANDEM_SOURCE 1
| #define __EXTENSIONS__ 1
| #define HAVE_DLFCN_H 1
| #define LT_OBJDIR ".libs/"
| #define HAVE_SYS_RANDOM_H 1
| #define HAVE_SYS_TIME_H 1
| #define HAVE_LIBGEN_H 1
| #define HAVE_PATHS_H 1
| #define HAVE_ARC4RANDOM 1
| #define HAVE_GETRANDOM 1
| #define HAVE_GETOPT 1
| #define HAVE_REALLOCARRAY 1
| /* end confdefs.h.  */
| /* Define strtonum to an innocuous variant, in case <limits.h> declares strtonum.
|    For example, HP-UX 11i <limits.h> declares gettimeofday.  */
| #define strtonum innocuous_strtonum
| 
| /* System header to define __stub macros and hopefully few prototypes,
|    which can conflict with char strtonum (); below.  */
| 
| #include <limits.h>
| #undef strtonum
| 
| /* Override any GCC internal prototype to avoid an error.
|    Use char because int might match the return type of a GCC
|    builtin and then its argument prototype would still apply.  */
| #ifdef __cplusplus
| extern "C"
| #endif
| char strtonum ();
| /* The GNU C library defines this for functions which it implements
|     to always fail with ENOSYS.  Some functions are actually named
|     something starting with __ and the normal name is an alias.  */
| #if defined __stub_strtonum || defined __stub___strtonum
| choke me
| #endif
| 
| int
| main (void)
| {
| return strtonum ();
|   ;
|   return 0;
| }
configure:14983: result: no
configure:14998: checking for clock_gettime
configure:14998: gcc -o conftest -g -O2   conftest.c  >&5
configure:14998: $? = 0
configure:14998: result: yes
configure:15071: checking whether libc defines __progname
configure:15100: gcc -o conftest -g -O2   conftest.c  >&5
configure:15100: $? = 0
configure:15119: result: yes
configure:15245: checking that generated files are newer than configure
configure:15251: result: done
configure:15278: creating ./config.status

## ---------------------- ##
## Running config.status. ##
## ---------------------- ##

This file was extended by ezstream config.status 1.1.0, which was
generated by GNU Autoconf 2.71.  Invocation command line was

  CONFIG_FILES    = 
  CONFIG_HEADERS  = 
  CONFIG_LINKS    = 
  CONFIG_COMMANDS = 
  $ ./config.status 

on pi

config.status:1147: creating Makefile
config.status:1147: creating build-aux/Makefile
config.status:1147: creating compat/Makefile
config.status:1147: creating doc/Makefile
config.status:1147: creating doc/ezstream-cfgmigrate.1.in
config.status:1147: creating doc/ezstream-file.sh.1.in
config.status:1147: creating doc/ezstream.1.in
config.status:1147: creating examples/Makefile
config.status:1147: creating m4/Makefile
config.status:1147: creating src/Makefile
config.status:1147: creating src/attr_config.h
config.status:1147: creating src/ezstream-file.sh
config.status:1147: creating tests/Makefile
config.status:1147: creating src/config.h
config.status:1376: executing depfiles commands
config.status:1453: cd compat       && sed -e '/# am--include-marker/d' Makefile         | make -f - am--depfiles
config.status:1458: $? = 0
config.status:1453: cd src       && sed -e '/# am--include-marker/d' Makefile         | make -f - am--depfiles
config.status:1458: $? = 0
config.status:1453: cd tests       && sed -e '/# am--include-marker/d' Makefile         | make -f - am--depfiles
config.status:1458: $? = 0
config.status:1376: executing libtool commands

## ---------------- ##
## Cache variables. ##
## ---------------- ##

_cv_sufx_=_1_
ac_cv_build=aarch64-unknown-linux-gnu
ac_cv_c_compiler_gnu=yes
ac_cv_c_const=yes
ac_cv_c_volatile=yes
ac_cv_env_CC_set=
ac_cv_env_CC_value=
ac_cv_env_CFLAGS_set=
ac_cv_env_CFLAGS_value=
ac_cv_env_CHECK_CFLAGS_set=
ac_cv_env_CHECK_CFLAGS_value=
ac_cv_env_CHECK_LIBS_set=
ac_cv_env_CHECK_LIBS_value=
ac_cv_env_CPPFLAGS_set=
ac_cv_env_CPPFLAGS_value=
ac_cv_env_LDFLAGS_set=
ac_cv_env_LDFLAGS_value=
ac_cv_env_LIBSHOUT_CFLAGS_set=
ac_cv_env_LIBSHOUT_CFLAGS_value=
ac_cv_env_LIBSHOUT_CPPFLAGS_set=
ac_cv_env_LIBSHOUT_CPPFLAGS_value=
ac_cv_env_LIBSHOUT_LDFLAGS_set=
ac_cv_env_LIBSHOUT_LDFLAGS_value=
ac_cv_env_LIBSHOUT_LIBS_set=
ac_cv_env_LIBSHOUT_LIBS_value=
ac_cv_env_LIBS_set=
ac_cv_env_LIBS_value=
ac_cv_env_LIBXML2_CFLAGS_set=
ac_cv_env_LIBXML2_CFLAGS_value=
ac_cv_env_LIBXML2_CPPFLAGS_set=
ac_cv_env_LIBXML2_CPPFLAGS_value=
ac_cv_env_LIBXML2_LDFLAGS_set=
ac_cv_env_LIBXML2_LDFLAGS_value=
ac_cv_env_LIBXML2_LIBS_set=
ac_cv_env_LIBXML2_LIBS_value=
ac_cv_env_LT_SYS_LIBRARY_PATH_set=
ac_cv_env_LT_SYS_LIBRARY_PATH_value=
ac_cv_env_PKG_CONFIG_LIBDIR_set=
ac_cv_env_PKG_CONFIG_LIBDIR_value=
ac_cv_env_PKG_CONFIG_PATH_set=
ac_cv_env_PKG_CONFIG_PATH_value=
ac_cv_env_PKG_CONFIG_set=
ac_cv_env_PKG_CONFIG_value=
ac_cv_env_build_alias_set=
ac_cv_env_build_alias_value=
ac_cv_env_host_alias_set=
ac_cv_env_host_alias_value=
ac_cv_env_target_alias_set=
ac_cv_env_target_alias_value=
ac_cv_func_arc4random=yes
ac_cv_func_clock_gettime=yes
ac_cv_func_getopt=yes
ac_cv_func_getrandom=yes
ac_cv_func_reallocarray=yes
ac_cv_func_strlcat=no
ac_cv_func_strlcpy=no
ac_cv_func_strtonum=no
ac_cv_header_dlfcn_h=yes
ac_cv_header_inttypes_h=yes
ac_cv_header_libgen_h=yes
ac_cv_header_libxml_parser_h=yes
ac_cv_header_minix_config_h=no
ac_cv_header_paths_h=yes
ac_cv_header_shout_shout_h=yes
ac_cv_header_stdint_h=yes
ac_cv_header_stdio_h=yes
ac_cv_header_stdlib_h=yes
ac_cv_header_string_h=yes
ac_cv_header_strings_h=yes
ac_cv_header_sys_random_h=yes
ac_cv_header_sys_stat_h=yes
ac_cv_header_sys_time_h=yes
ac_cv_header_sys_types_h=yes
ac_cv_header_unistd_h=yes
ac_cv_header_wchar_h=yes
ac_cv_host=aarch64-unknown-linux-gnu
ac_cv_lib_gen_basename=no
ac_cv_objext=o
ac_cv_path_EGREP='/usr/bin/grep -E'
ac_cv_path_FGREP='/usr/bin/grep -F'
ac_cv_path_GREP=/usr/bin/grep
ac_cv_path_SED=/usr/bin/sed
ac_cv_path_ac_pt_PKG_CONFIG=/usr/bin/pkg-config
ac_cv_path_install='/usr/bin/install -c'
ac_cv_path_lt_DD=/usr/bin/dd
ac_cv_path_mkdir=/usr/bin/mkdir
ac_cv_prog_AWK=gawk
ac_cv_prog_ac_ct_AR=ar
ac_cv_prog_ac_ct_CC=gcc
ac_cv_prog_ac_ct_FILECMD=file
ac_cv_prog_ac_ct_MANIFEST_TOOL=mt
ac_cv_prog_ac_ct_OBJDUMP=objdump
ac_cv_prog_ac_ct_RANLIB=ranlib
ac_cv_prog_ac_ct_STRIP=strip
ac_cv_prog_cc_c11=
ac_cv_prog_cc_g=yes
ac_cv_prog_cc_stdc=
ac_cv_prog_make_make_set=yes
ac_cv_safe_to_define___extensions__=yes
ac_cv_should_define__xopen_source=no
ac_cv_sys_file_offset_bits=no
ac_cv_sys_largefile_CC=no
ac_cv_type_size_t=yes
ac_cv_type_ssize_t=yes
am_cv_CC_dependencies_compiler_type=gcc3
am_cv_make_support_nested_variables=yes
am_cv_prog_cc_c_o=yes
local_cv_have_lib_libshout=yes
local_cv_have_lib_libshout_opts=yes
local_cv_have_lib_libxml2=yes
local_cv_have_lib_libxml2_opts=yes
local_cv_libc_defines___progname=yes
local_cv_proc_cc_attr_unused=yes
local_cv_prog_cc_W=yes
local_cv_prog_cc_Wall=yes
local_cv_prog_cc_Wconversion=yes
local_cv_prog_cc_Wformat_2=yes
local_cv_prog_cc_Wmissing_declarations=yes
local_cv_prog_cc_Wmissing_prototypes=yes
local_cv_prog_cc_Wshadow=yes
local_cv_prog_cc_Wstrict_prototypes=yes
local_cv_prog_cc_attr_format__printf__1__2_=yes
local_cv_prog_cc_attr_nonnull__1_=yes
local_cv_prog_cc_error_flag=-Werror
lt_cv_ar_at_file=@
lt_cv_archive_cmds_need_lc=no
lt_cv_deplibs_check_method=pass_all
lt_cv_file_magic_cmd='$MAGIC_CMD'
lt_cv_file_magic_test_file=
lt_cv_ld_reload_flag=-r
lt_cv_nm_interface='BSD nm'
lt_cv_objdir=.libs
lt_cv_path_LD=/usr/bin/ld
lt_cv_path_NM='/usr/bin/nm -B'
lt_cv_path_mainfest_tool=no
lt_cv_prog_compiler_c_o=yes
lt_cv_prog_compiler_pic='-fPIC -DPIC'
lt_cv_prog_compiler_pic_works=yes
lt_cv_prog_compiler_rtti_exceptions=no
lt_cv_prog_compiler_static_works=yes
lt_cv_prog_gnu_ld=yes
lt_cv_sharedlib_from_linklib_cmd='printf %s\n'
lt_cv_shlibpath_overrides_runpath=yes
lt_cv_sys_global_symbol_pipe='/usr/bin/sed -n -e '\''s/^.*[	 ]\([ABCDGIRSTW][ABCDGIRSTW]*\)[	 ][	 ]*\([_A-Za-z][_A-Za-z0-9]*\)$/\1 \2 \2/p'\'' | /usr/bin/sed '\''/ __gnu_lto/d'\'''
lt_cv_sys_global_symbol_to_c_name_address='/usr/bin/sed -n -e '\''s/^: \(.*\) .*$/  {"\1", (void *) 0},/p'\'' -e '\''s/^[ABCDGIRSTW][ABCDGIRSTW]* .* \(.*\)$/  {"\1", (void *) \&\1},/p'\'''
lt_cv_sys_global_symbol_to_c_name_address_lib_prefix='/usr/bin/sed -n -e '\''s/^: \(.*\) .*$/  {"\1", (void *) 0},/p'\'' -e '\''s/^[ABCDGIRSTW][ABCDGIRSTW]* .* \(lib.*\)$/  {"\1", (void *) \&\1},/p'\'' -e '\''s/^[ABCDGIRSTW][ABCDGIRSTW]* .* \(.*\)$/  {"lib\1", (void *) \&\1},/p'\'''
lt_cv_sys_global_symbol_to_cdecl='/usr/bin/sed -n -e '\''s/^T .* \(.*\)$/extern int \1();/p'\'' -e '\''s/^[ABCDGIRSTW][ABCDGIRSTW]* .* \(.*\)$/extern char \1;/p'\'''
lt_cv_sys_global_symbol_to_import=
lt_cv_sys_max_cmd_len=1572864
lt_cv_to_host_file_cmd=func_convert_file_noop
lt_cv_to_tool_file_cmd=func_convert_file_noop
lt_cv_truncate_bin='/usr/bin/dd bs=4096 count=1'
pkg_cv_CHECK_CFLAGS='-pthread '
pkg_cv_CHECK_LIBS='-lcheck_pic -lrt -lm -lsubunit '

## ----------------- ##
## Output variables. ##
## ----------------- ##

ACLOCAL='${SHELL} '\''/home/broadcaster/Software/ezstream/build-aux/missing'\'' aclocal-1.16'
AMDEPBACKSLASH='\'
AMDEP_FALSE='#'
AMDEP_TRUE=''
AMTAR='$${TAR-tar}'
AM_BACKSLASH='\'
AM_DEFAULT_V='$(AM_DEFAULT_VERBOSITY)'
AM_DEFAULT_VERBOSITY='1'
AM_V='$(V)'
AR='ar'
AUTOCONF='${SHELL} '\''/home/broadcaster/Software/ezstream/build-aux/missing'\'' autoconf'
AUTOHEADER='${SHELL} '\''/home/broadcaster/Software/ezstream/build-aux/missing'\'' autoheader'
AUTOMAKE='${SHELL} '\''/home/broadcaster/Software/ezstream/build-aux/missing'\'' automake-1.16'
AWK='gawk'
CC='gcc'
CCDEPMODE='depmode=gcc3'
CFG_ATTRIBUTE_FORMAT='1'
CFG_ATTRIBUTE_NONNULL='1'
CFG_ATTRIBUTE_UNUSED='1'
CFG_HAVE_ATTRIBUTES='1'
CFLAGS='-g -O2'
CHECK_CFLAGS='-pthread '
CHECK_LIBS='-lcheck_pic -lrt -lm -lsubunit '
CPPFLAGS=''
CSCOPE='cscope'
CTAGS='ctags'
CYGPATH_W='echo'
DEFS='-DHAVE_CONFIG_H'
DEPDIR='.deps'
DLLTOOL='false'
DSYMUTIL=''
DUMPBIN=''
ECHO_C=''
ECHO_N='-n'
ECHO_T=''
EGREP='/usr/bin/grep -E'
ETAGS='etags'
EXAMPLES_DIR='$(datadir)/examples/ezstream'
EXEEXT=''
EZ_CFLAGS='-Wall -W -Wshadow -Wconversion -Wmissing-declarations -Wmissing-prototypes -Wstrict-prototypes -Wformat=2'
EZ_CPPFLAGS='-I/usr/local/include -I/usr/include/libxml2'
EZ_LDFLAGS='-L/usr/local/lib'
EZ_LIBS='-lxml2 -lshout'
FGREP='/usr/bin/grep -F'
FILECMD='file'
GREP='/usr/bin/grep'
INSTALL_DATA='${INSTALL} -m 644'
INSTALL_PROGRAM='${INSTALL}'
INSTALL_SCRIPT='${INSTALL}'
INSTALL_STRIP_PROGRAM='$(install_sh) -c -s'
LD='/usr/bin/ld'
LDFLAGS=''
LIBOBJS=' ${LIBOBJDIR}strlcat$U.o ${LIBOBJDIR}strlcpy$U.o ${LIBOBJDIR}strtonum$U.o'
LIBS=''
LIBSHOUT_CFLAGS=''
LIBSHOUT_CPPFLAGS='-I/usr/local/include '
LIBSHOUT_LDFLAGS=' 				-L/usr/local/lib  				 			'
LIBSHOUT_LIBS='-lshout '
LIBTOOL='$(SHELL) $(top_builddir)/libtool'
LIBTOOL_DEPS='./build-aux//ltmain.sh'
LIBXML2_CFLAGS=''
LIBXML2_CPPFLAGS='-I/usr/include/libxml2 '
LIBXML2_LDFLAGS=' 				 				 			'
LIBXML2_LIBS='-lxml2 '
LIPO=''
LN_S='ln -s'
LTLIBOBJS=' ${LIBOBJDIR}strlcat$U.lo ${LIBOBJDIR}strlcpy$U.lo ${LIBOBJDIR}strtonum$U.lo'
LT_SYS_LIBRARY_PATH=''
MAINT='#'
MAINTAINER_MODE_FALSE=''
MAINTAINER_MODE_TRUE='#'
MAKEINFO='${SHELL} '\''/home/broadcaster/Software/ezstream/build-aux/missing'\'' makeinfo'
MANIFEST_TOOL=':'
MKDIR_P='/usr/bin/mkdir -p'
NM='/usr/bin/nm -B'
NMEDIT=''
OBJDUMP='objdump'
OBJEXT='o'
OTOOL64=''
OTOOL=''
PACKAGE='ezstream'
PACKAGE_BUGREPORT='https://gitlab.xiph.org/xiph/ezstream/issues'
PACKAGE_NAME='ezstream'
PACKAGE_STRING='ezstream 1.1.0'
PACKAGE_TARNAME='ezstream'
PACKAGE_URL=''
PACKAGE_VERSION='1.1.0'
PATH_SEPARATOR=':'
PKG_CONFIG='/usr/bin/pkg-config'
PKG_CONFIG_LIBDIR=''
PKG_CONFIG_PATH=''
RANLIB='ranlib'
SED='/usr/bin/sed'
SET_MAKE=''
SHELL='/bin/bash'
SOURCE_DATE='September 18, 2024'
STRIP='strip'
VERSION='1.1.0'
ac_ct_AR='ar'
ac_ct_CC='gcc'
ac_ct_DUMPBIN=''
am__EXEEXT_FALSE=''
am__EXEEXT_TRUE='#'
am__fastdepCC_FALSE='#'
am__fastdepCC_TRUE=''
am__include='include'
am__isrc=''
am__leading_dot='.'
am__nodep='_no'
am__quote=''
am__tar='$${TAR-tar} chof - "$$tardir"'
am__untar='$${TAR-tar} xf -'
bindir='${exec_prefix}/bin'
build='aarch64-unknown-linux-gnu'
build_alias=''
build_cpu='aarch64'
build_os='linux-gnu'
build_vendor='unknown'
datadir='${datarootdir}'
datarootdir='${prefix}/share'
docdir='${datarootdir}/doc/${PACKAGE_TARNAME}'
dvidir='${docdir}'
exec_prefix='${prefix}'
host='aarch64-unknown-linux-gnu'
host_alias=''
host_cpu='aarch64'
host_os='linux-gnu'
host_vendor='unknown'
htmldir='${docdir}'
includedir='${prefix}/include'
infodir='${datarootdir}/info'
install_sh='${SHELL} /home/broadcaster/Software/ezstream/build-aux/install-sh'
libdir='${exec_prefix}/lib'
libexecdir='${exec_prefix}/libexec'
localedir='${datarootdir}/locale'
localstatedir='${prefix}/var'
mandir='${datarootdir}/man'
mkdir_p='$(MKDIR_P)'
oldincludedir='/usr/include'
pdfdir='${docdir}'
prefix='/usr/local'
program_transform_name='s,x,x,'
psdir='${docdir}'
runstatedir='${localstatedir}/run'
sbindir='${exec_prefix}/sbin'
sharedstatedir='${prefix}/com'
sysconfdir='${prefix}/etc'
target_alias=''

## ----------- ##
## confdefs.h. ##
## ----------- ##

/* confdefs.h */
#define PACKAGE_NAME "ezstream"
#define PACKAGE_TARNAME "ezstream"
#define PACKAGE_VERSION "1.1.0"
#define PACKAGE_STRING "ezstream 1.1.0"
#define PACKAGE_BUGREPORT "https://gitlab.xiph.org/xiph/ezstream/issues"
#define PACKAGE_URL ""
#define PACKAGE "ezstream"
#define VERSION "1.1.0"
#define HAVE_STDIO_H 1
#define HAVE_STDLIB_H 1
#define HAVE_STRING_H 1
#define HAVE_INTTYPES_H 1
#define HAVE_STDINT_H 1
#define HAVE_STRINGS_H 1
#define HAVE_SYS_STAT_H 1
#define HAVE_SYS_TYPES_H 1
#define HAVE_UNISTD_H 1
#define HAVE_WCHAR_H 1
#define STDC_HEADERS 1
#define _ALL_SOURCE 1
#define _DARWIN_C_SOURCE 1
#define _GNU_SOURCE 1
#define _HPUX_ALT_XOPEN_SOCKET_API 1
#define _NETBSD_SOURCE 1
#define _OPENBSD_SOURCE 1
#define _POSIX_PTHREAD_SEMANTICS 1
#define __STDC_WANT_IEC_60559_ATTRIBS_EXT__ 1
#define __STDC_WANT_IEC_60559_BFP_EXT__ 1
#define __STDC_WANT_IEC_60559_DFP_EXT__ 1
#define __STDC_WANT_IEC_60559_FUNCS_EXT__ 1
#define __STDC_WANT_IEC_60559_TYPES_EXT__ 1
#define __STDC_WANT_LIB_EXT2__ 1
#define __STDC_WANT_MATH_SPEC_FUNCS__ 1
#define _TANDEM_SOURCE 1
#define __EXTENSIONS__ 1
#define HAVE_DLFCN_H 1
#define LT_OBJDIR ".libs/"
#define HAVE_SYS_RANDOM_H 1
#define HAVE_SYS_TIME_H 1
#define HAVE_LIBGEN_H 1
#define HAVE_PATHS_H 1
#define HAVE_ARC4RANDOM 1
#define HAVE_GETRANDOM 1
#define HAVE_GETOPT 1
#define HAVE_REALLOCARRAY 1
#define HAVE___PROGNAME 1

configure: exit 0
